<?xml version="1.0" encoding="UTF-8"?>
<!-- Generated by org.testng.reporters.JUnitReportReporter -->
<testsuite hostname="revathis-mbp.lan" failures="0" tests="1" name="test.GitHubAPI.BasePage" time="3.779" errors="0" timestamp="2023-11-30T21:31:22 CST" skipped="0">
  <testcase classname="test.GitHubAPI.BasePage" name="validateSingleRepository" time="3.779"/>
</testsuite> <!-- test.GitHubAPI.BasePage -->
