<?xml version="1.0" encoding="UTF-8"?>
<!-- Generated by org.testng.reporters.JUnitReportReporter -->
<testsuite hostname="revathis-mbp.lan" failures="1" tests="1" name="com.API.response.GetSingleRepo" time="4.396" errors="0" timestamp="2023-12-03T23:07:54 CST" skipped="0">
  <testcase classname="com.API.response.GetSingleRepo" name="setUp" time="4.396">
    <failure message="1 expectation failed.
Response body doesn&#039;t match expectation.
Expected: The content to match the given JSON schema.
error: instance type (null) does not match any allowed primitive type (allowed: [&quot;string&quot;])
    level: &quot;error&quot;
    schema: {&quot;loadingURI&quot;:&quot;file:/Users/revathi/eclipse-workspace/RestAssuredAPIProject/target/test-classes/schema.json#&quot;,&quot;pointer&quot;:&quot;/items/properties/language&quot;}
    instance: {&quot;pointer&quot;:&quot;/1/language&quot;}
    domain: &quot;validation&quot;
    keyword: &quot;type&quot;
    found: &quot;null&quot;
    expected: [&quot;string&quot;]

  Actual: [{&quot;id&quot;:725908374,&quot;node_id&quot;:&quot;R_kgDOK0R7lg&quot;,&quot;name&quot;:&quot;APIGITHUB&quot;,&quot;full_name&quot;:&quot;RevathiAnbu/APIGITHUB&quot;,&quot;private&quot;:false,&quot;owner&quot;:{&quot;login&quot;:&quot;RevathiAnbu&quot;,&quot;id&quot;:149035863,&quot;node_id&quot;:&quot;U_kgDOCOIbVw&quot;,&quot;avatar_url&quot;:&quot;https://avatars.githubusercontent.com/u/149035863?v=4&quot;,&quot;gravatar_id&quot;:&quot;&quot;,&quot;url&quot;:&quot;https://api.github.com/users/RevathiAnbu&quot;,&quot;html_url&quot;:&quot;https://github.com/RevathiAnbu&quot;,&quot;followers_url&quot;:&quot;https://api.github.com/users/RevathiAnbu/followers&quot;,&quot;following_url&quot;:&quot;https://api.github.com/users/RevathiAnbu/following{/other_user}&quot;,&quot;gists_url&quot;:&quot;https://api.github.com/users/RevathiAnbu/gists{/gist_id}&quot;,&quot;starred_url&quot;:&quot;https://api.github.com/users/RevathiAnbu/starred{/owner}{/repo}&quot;,&quot;subscriptions_url&quot;:&quot;https://api.github.com/users/RevathiAnbu/subscriptions&quot;,&quot;organizations_url&quot;:&quot;https://api.github.com/users/RevathiAnbu/orgs&quot;,&quot;repos_url&quot;:&quot;https://api.github.com/users/RevathiAnbu/repos&quot;,&quot;events_url&quot;:&quot;https://api.github.com/users/RevathiAnbu/events{/privacy}&quot;,&quot;received_events_url&quot;:&quot;https://api.github.com/users/RevathiAnbu/received_events&quot;,&quot;type&quot;:&quot;User&quot;,&quot;site_admin&quot;:false},&quot;html_url&quot;:&quot;https://github.com/RevathiAnbu/APIGITHUB&quot;,&quot;description&quot;:null,&quot;fork&quot;:false,&quot;url&quot;:&quot;https://api.github.com/repos/RevathiAnbu/APIGITHUB&quot;,&quot;forks_url&quot;:&quot;https://api.github.com/repos/RevathiAnbu/APIGITHUB/forks&quot;,&quot;keys_url&quot;:&quot;https://api.github.com/repos/RevathiAnbu/APIGITHUB/keys{/key_id}&quot;,&quot;collaborators_url&quot;:&quot;https://api.github.com/repos/RevathiAnbu/APIGITHUB/collaborators{/collaborator}&quot;,&quot;teams_url&quot;:&quot;https://api.github.com/repos/RevathiAnbu/APIGITHUB/teams&quot;,&quot;hooks_url&quot;:&quot;https://api.github.com/repos/RevathiAnbu/APIGITHUB/hooks&quot;,&quot;issue_events_url&quot;:&quot;https://api.github.com/repos/RevathiAnbu/APIGITHUB/issues/events{/number}&quot;,&quot;events_url&quot;:&quot;https://api.github.com/repos/RevathiAnbu/APIGITHUB/events&quot;,&quot;assignees_url&quot;:&quot;https://api.github.com/repos/RevathiAnbu/APIGITHUB/assignees{/user}&quot;,&quot;branches_url&quot;:&quot;https://api.github.com/repos/RevathiAnbu/APIGITHUB/branches{/branch}&quot;,&quot;tags_url&quot;:&quot;https://api.github.com/repos/RevathiAnbu/APIGITHUB/tags&quot;,&quot;blobs_url&quot;:&quot;https://api.github.com/repos/RevathiAnbu/APIGITHUB/git/blobs{/sha}&quot;,&quot;git_tags_url&quot;:&quot;https://api.github.com/repos/RevathiAnbu/APIGITHUB/git/tags{/sha}&quot;,&quot;git_refs_url&quot;:&quot;https://api.github.com/repos/RevathiAnbu/APIGITHUB/git/refs{/sha}&quot;,&quot;trees_url&quot;:&quot;https://api.github.com/repos/RevathiAnbu/APIGITHUB/git/trees{/sha}&quot;,&quot;statuses_url&quot;:&quot;https://api.github.com/repos/RevathiAnbu/APIGITHUB/statuses/{sha}&quot;,&quot;languages_url&quot;:&quot;https://api.github.com/repos/RevathiAnbu/APIGITHUB/languages&quot;,&quot;stargazers_url&quot;:&quot;https://api.github.com/repos/RevathiAnbu/APIGITHUB/stargazers&quot;,&quot;contributors_url&quot;:&quot;https://api.github.com/repos/RevathiAnbu/APIGITHUB/contributors&quot;,&quot;subscribers_url&quot;:&quot;https://api.github.com/repos/RevathiAnbu/APIGITHUB/subscribers&quot;,&quot;subscription_url&quot;:&quot;https://api.github.com/repos/RevathiAnbu/APIGITHUB/subscription&quot;,&quot;commits_url&quot;:&quot;https://api.github.com/repos/RevathiAnbu/APIGITHUB/commits{/sha}&quot;,&quot;git_commits_url&quot;:&quot;https://api.github.com/repos/RevathiAnbu/APIGITHUB/git/commits{/sha}&quot;,&quot;comments_url&quot;:&quot;https://api.github.com/repos/RevathiAnbu/APIGITHUB/comments{/number}&quot;,&quot;issue_comment_url&quot;:&quot;https://api.github.com/repos/RevathiAnbu/APIGITHUB/issues/comments{/number}&quot;,&quot;contents_url&quot;:&quot;https://api.github.com/repos/RevathiAnbu/APIGITHUB/contents/{+path}&quot;,&quot;compare_url&quot;:&quot;https://api.github.com/repos/RevathiAnbu/APIGITHUB/compare/{base}...{head}&quot;,&quot;merges_url&quot;:&quot;https://api.github.com/repos/RevathiAnbu/APIGITHUB/merges&quot;,&quot;archive_url&quot;:&quot;https://api.github.com/repos/RevathiAnbu/APIGITHUB/{archive_format}{/ref}&quot;,&quot;downloads_url&quot;:&quot;https://api.github.com/repos/RevathiAnbu/APIGITHUB/downloads&quot;,&quot;issues_url&quot;:&quot;https://api.github.com/repos/RevathiAnbu/APIGITHUB/issues{/number}&quot;,&quot;pulls_url&quot;:&quot;https://api.github.com/repos/RevathiAnbu/APIGITHUB/pulls{/number}&quot;,&quot;milestones_url&quot;:&quot;https://api.github.com/repos/RevathiAnbu/APIGITHUB/milestones{/number}&quot;,&quot;notifications_url&quot;:&quot;https://api.github.com/repos/RevathiAnbu/APIGITHUB/notifications{?since,all,participating}&quot;,&quot;labels_url&quot;:&quot;https://api.github.com/repos/RevathiAnbu/APIGITHUB/labels{/name}&quot;,&quot;releases_url&quot;:&quot;https://api.github.com/repos/RevathiAnbu/APIGITHUB/releases{/id}&quot;,&quot;deployments_url&quot;:&quot;https://api.github.com/repos/RevathiAnbu/APIGITHUB/deployments&quot;,&quot;created_at&quot;:&quot;2023-12-01T05:52:11Z&quot;,&quot;updated_at&quot;:&quot;2023-12-01T06:04:37Z&quot;,&quot;pushed_at&quot;:&quot;2023-12-01T06:04:33Z&quot;,&quot;git_url&quot;:&quot;git://github.com/RevathiAnbu/APIGITHUB.git&quot;,&quot;ssh_url&quot;:&quot;git@github.com:RevathiAnbu/APIGITHUB.git&quot;,&quot;clone_url&quot;:&quot;https://github.com/RevathiAnbu/APIGITHUB.git&quot;,&quot;svn_url&quot;:&quot;https://github.com/RevathiAnbu/APIGITHUB&quot;,&quot;homepage&quot;:null,&quot;size&quot;:55,&quot;stargazers_count&quot;:0,&quot;watchers_count&quot;:0,&quot;language&quot;:&quot;HTML&quot;,&quot;has_issues&quot;:true,&quot;has_projects&quot;:true,&quot;has_downloads&quot;:true,&quot;has_wiki&quot;:true,&quot;has_pages&quot;:false,&quot;has_discussions&quot;:false,&quot;forks_count&quot;:0,&quot;mirror_url&quot;:null,&quot;archived&quot;:false,&quot;disabled&quot;:false,&quot;open_issues_count&quot;:0,&quot;license&quot;:null,&quot;allow_forking&quot;:true,&quot;is_template&quot;:false,&quot;web_commit_signoff_required&quot;:false,&quot;topics&quot;:[],&quot;visibility&quot;:&quot;public&quot;,&quot;forks&quot;:0,&quot;open_issues&quot;:0,&quot;watchers&quot;:0,&quot;default_branch&quot;:&quot;master&quot;,&quot;permissions&quot;:{&quot;admin&quot;:true,&quot;maintain&quot;:true,&quot;push&quot;:true,&quot;triage&quot;:true,&quot;pull&quot;:true}},{&quot;id&quot;:710125545,&quot;node_id&quot;:&quot;R_kgDOKlOn6Q&quot;,&quot;name&quot;:&quot;Salesforce&quot;,&quot;full_name&quot;:&quot;RevathiAnbu/Salesforce&quot;,&quot;private&quot;:false,&quot;owner&quot;:{&quot;login&quot;:&quot;RevathiAnbu&quot;,&quot;id&quot;:149035863,&quot;node_id&quot;:&quot;U_kgDOCOIbVw&quot;,&quot;avatar_url&quot;:&quot;https://avatars.githubusercontent.com/u/149035863?v=4&quot;,&quot;gravatar_id&quot;:&quot;&quot;,&quot;url&quot;:&quot;https://api.github.com/users/RevathiAnbu&quot;,&quot;html_url&quot;:&quot;https://github.com/RevathiAnbu&quot;,&quot;followers_url&quot;:&quot;https://api.github.com/users/RevathiAnbu/followers&quot;,&quot;following_url&quot;:&quot;https://api.github.com/users/RevathiAnbu/following{/other_user}&quot;,&quot;gists_url&quot;:&quot;https://api.github.com/users/RevathiAnbu/gists{/gist_id}&quot;,&quot;starred_url&quot;:&quot;https://api.github.com/users/RevathiAnbu/starred{/owner}{/repo}&quot;,&quot;subscriptions_url&quot;:&quot;https://api.github.com/users/RevathiAnbu/subscriptions&quot;,&quot;organizations_url&quot;:&quot;https://api.github.com/users/RevathiAnbu/orgs&quot;,&quot;repos_url&quot;:&quot;https://api.github.com/users/RevathiAnbu/repos&quot;,&quot;events_url&quot;:&quot;https://api.github.com/users/RevathiAnbu/events{/privacy}&quot;,&quot;received_events_url&quot;:&quot;https://api.github.com/users/RevathiAnbu/received_events&quot;,&quot;type&quot;:&quot;User&quot;,&quot;site_admin&quot;:false},&quot;html_url&quot;:&quot;https://github.com/RevathiAnbu/Salesforce&quot;,&quot;description&quot;:null,&quot;fork&quot;:false,&quot;url&quot;:&quot;https://api.github.com/repos/RevathiAnbu/Salesforce&quot;,&quot;forks_url&quot;:&quot;https://api.github.com/repos/RevathiAnbu/Salesforce/forks&quot;,&quot;keys_url&quot;:&quot;https://api.github.com/repos/RevathiAnbu/Salesforce/keys{/key_id}&quot;,&quot;collaborators_url&quot;:&quot;https://api.github.com/repos/RevathiAnbu/Salesforce/collaborators{/collaborator}&quot;,&quot;teams_url&quot;:&quot;https://api.github.com/repos/RevathiAnbu/Salesforce/teams&quot;,&quot;hooks_url&quot;:&quot;https://api.github.com/repos/RevathiAnbu/Salesforce/hooks&quot;,&quot;issue_events_url&quot;:&quot;https://api.github.com/repos/RevathiAnbu/Salesforce/issues/events{/number}&quot;,&quot;events_url&quot;:&quot;https://api.github.com/repos/RevathiAnbu/Salesforce/events&quot;,&quot;assignees_url&quot;:&quot;https://api.github.com/repos/RevathiAnbu/Salesforce/assignees{/user}&quot;,&quot;branches_url&quot;:&quot;https://api.github.com/repos/RevathiAnbu/Salesforce/branches{/branch}&quot;,&quot;tags_url&quot;:&quot;https://api.github.com/repos/RevathiAnbu/Salesforce/tags&quot;,&quot;blobs_url&quot;:&quot;https://api.github.com/repos/RevathiAnbu/Salesforce/git/blobs{/sha}&quot;,&quot;git_tags_url&quot;:&quot;https://api.github.com/repos/RevathiAnbu/Salesforce/git/tags{/sha}&quot;,&quot;git_refs_url&quot;:&quot;https://api.github.com/repos/RevathiAnbu/Salesforce/git/refs{/sha}&quot;,&quot;trees_url&quot;:&quot;https://api.github.com/repos/RevathiAnbu/Salesforce/git/trees{/sha}&quot;,&quot;statuses_url&quot;:&quot;https://api.github.com/repos/RevathiAnbu/Salesforce/statuses/{sha}&quot;,&quot;languages_url&quot;:&quot;https://api.github.com/repos/RevathiAnbu/Salesforce/languages&quot;,&quot;stargazers_url&quot;:&quot;https://api.github.com/repos/RevathiAnbu/Salesforce/stargazers&quot;,&quot;contributors_url&quot;:&quot;https://api.github.com/repos/RevathiAnbu/Salesforce/contributors&quot;,&quot;subscribers_url&quot;:&quot;https://api.github.com/repos/RevathiAnbu/Salesforce/subscribers&quot;,&quot;subscription_url&quot;:&quot;https://api.github.com/repos/RevathiAnbu/Salesforce/subscription&quot;,&quot;commits_url&quot;:&quot;https://api.github.com/repos/RevathiAnbu/Salesforce/commits{/sha}&quot;,&quot;git_commits_url&quot;:&quot;https://api.github.com/repos/RevathiAnbu/Salesforce/git/commits{/sha}&quot;,&quot;comments_url&quot;:&quot;https://api.github.com/repos/RevathiAnbu/Salesforce/comments{/number}&quot;,&quot;issue_comment_url&quot;:&quot;https://api.github.com/repos/RevathiAnbu/Salesforce/issues/comments{/number}&quot;,&quot;contents_url&quot;:&quot;https://api.github.com/repos/RevathiAnbu/Salesforce/contents/{+path}&quot;,&quot;compare_url&quot;:&quot;https://api.github.com/repos/RevathiAnbu/Salesforce/compare/{base}...{head}&quot;,&quot;merges_url&quot;:&quot;https://api.github.com/repos/RevathiAnbu/Salesforce/merges&quot;,&quot;archive_url&quot;:&quot;https://api.github.com/repos/RevathiAnbu/Salesforce/{archive_format}{/ref}&quot;,&quot;downloads_url&quot;:&quot;https://api.github.com/repos/RevathiAnbu/Salesforce/downloads&quot;,&quot;issues_url&quot;:&quot;https://api.github.com/repos/RevathiAnbu/Salesforce/issues{/number}&quot;,&quot;pulls_url&quot;:&quot;https://api.github.com/repos/RevathiAnbu/Salesforce/pulls{/number}&quot;,&quot;milestones_url&quot;:&quot;https://api.github.com/repos/RevathiAnbu/Salesforce/milestones{/number}&quot;,&quot;notifications_url&quot;:&quot;https://api.github.com/repos/RevathiAnbu/Salesforce/notifications{?since,all,participating}&quot;,&quot;labels_url&quot;:&quot;https://api.github.com/repos/RevathiAnbu/Salesforce/labels{/name}&quot;,&quot;releases_url&quot;:&quot;https://api.github.com/repos/RevathiAnbu/Salesforce/releases{/id}&quot;,&quot;deployments_url&quot;:&quot;https://api.github.com/repos/RevathiAnbu/Salesforce/deployments&quot;,&quot;created_at&quot;:&quot;2023-10-26T04:25:37Z&quot;,&quot;updated_at&quot;:&quot;2023-10-30T04:02:04Z&quot;,&quot;pushed_at&quot;:&quot;2023-10-31T03:31:34Z&quot;,&quot;git_url&quot;:&quot;git://github.com/RevathiAnbu/Salesforce.git&quot;,&quot;ssh_url&quot;:&quot;git@github.com:RevathiAnbu/Salesforce.git&quot;,&quot;clone_url&quot;:&quot;https://github.com/RevathiAnbu/Salesforce.git&quot;,&quot;svn_url&quot;:&quot;https://github.com/RevathiAnbu/Salesforce&quot;,&quot;homepage&quot;:null,&quot;size&quot;:70,&quot;stargazers_count&quot;:0,&quot;watchers_count&quot;:0,&quot;language&quot;:null,&quot;has_issues&quot;:true,&quot;has_projects&quot;:true,&quot;has_downloads&quot;:true,&quot;has_wiki&quot;:true,&quot;has_pages&quot;:false,&quot;has_discussions&quot;:false,&quot;forks_count&quot;:0,&quot;mirror_url&quot;:null,&quot;archived&quot;:false,&quot;disabled&quot;:false,&quot;open_issues_count&quot;:0,&quot;license&quot;:null,&quot;allow_forking&quot;:true,&quot;is_template&quot;:false,&quot;web_commit_signoff_required&quot;:false,&quot;topics&quot;:[],&quot;visibility&quot;:&quot;public&quot;,&quot;forks&quot;:0,&quot;open_issues&quot;:0,&quot;watchers&quot;:0,&quot;default_branch&quot;:&quot;main&quot;,&quot;permissions&quot;:{&quot;admin&quot;:true,&quot;maintain&quot;:true,&quot;push&quot;:true,&quot;triage&quot;:true,&quot;pull&quot;:true}},{&quot;id&quot;:712225767,&quot;node_id&quot;:&quot;R_kgDOKnOz5w&quot;,&quot;name&quot;:&quot;TekArchSalesforceAutomation&quot;,&quot;full_name&quot;:&quot;RevathiAnbu/TekArchSalesforceAutomation&quot;,&quot;private&quot;:false,&quot;owner&quot;:{&quot;login&quot;:&quot;RevathiAnbu&quot;,&quot;id&quot;:149035863,&quot;node_id&quot;:&quot;U_kgDOCOIbVw&quot;,&quot;avatar_url&quot;:&quot;https://avatars.githubusercontent.com/u/149035863?v=4&quot;,&quot;gravatar_id&quot;:&quot;&quot;,&quot;url&quot;:&quot;https://api.github.com/users/RevathiAnbu&quot;,&quot;html_url&quot;:&quot;https://github.com/RevathiAnbu&quot;,&quot;followers_url&quot;:&quot;https://api.github.com/users/RevathiAnbu/followers&quot;,&quot;following_url&quot;:&quot;https://api.github.com/users/RevathiAnbu/following{/other_user}&quot;,&quot;gists_url&quot;:&quot;https://api.github.com/users/RevathiAnbu/gists{/gist_id}&quot;,&quot;starred_url&quot;:&quot;https://api.github.com/users/RevathiAnbu/starred{/owner}{/repo}&quot;,&quot;subscriptions_url&quot;:&quot;https://api.github.com/users/RevathiAnbu/subscriptions&quot;,&quot;organizations_url&quot;:&quot;https://api.github.com/users/RevathiAnbu/orgs&quot;,&quot;repos_url&quot;:&quot;https://api.github.com/users/RevathiAnbu/repos&quot;,&quot;events_url&quot;:&quot;https://api.github.com/users/RevathiAnbu/events{/privacy}&quot;,&quot;received_events_url&quot;:&quot;https://api.github.com/users/RevathiAnbu/received_events&quot;,&quot;type&quot;:&quot;User&quot;,&quot;site_admin&quot;:false},&quot;html_url&quot;:&quot;https://github.com/RevathiAnbu/TekArchSalesforceAutomation&quot;,&quot;description&quot;:null,&quot;fork&quot;:false,&quot;url&quot;:&quot;https://api.github.com/repos/RevathiAnbu/TekArchSalesforceAutomation&quot;,&quot;forks_url&quot;:&quot;https://api.github.com/repos/RevathiAnbu/TekArchSalesforceAutomation/forks&quot;,&quot;keys_url&quot;:&quot;https://api.github.com/repos/RevathiAnbu/TekArchSalesforceAutomation/keys{/key_id}&quot;,&quot;collaborators_url&quot;:&quot;https://api.github.com/repos/RevathiAnbu/TekArchSalesforceAutomation/collaborators{/collaborator}&quot;,&quot;teams_url&quot;:&quot;https://api.github.com/repos/RevathiAnbu/TekArchSalesforceAutomation/teams&quot;,&quot;hooks_url&quot;:&quot;https://api.github.com/repos/RevathiAnbu/TekArchSalesforceAutomation/hooks&quot;,&quot;issue_events_url&quot;:&quot;https://api.github.com/repos/RevathiAnbu/TekArchSalesforceAutomation/issues/events{/number}&quot;,&quot;events_url&quot;:&quot;https://api.github.com/repos/RevathiAnbu/TekArchSalesforceAutomation/events&quot;,&quot;assignees_url&quot;:&quot;https://api.github.com/repos/RevathiAnbu/TekArchSalesforceAutomation/assignees{/user}&quot;,&quot;branches_url&quot;:&quot;https://api.github.com/repos/RevathiAnbu/TekArchSalesforceAutomation/branches{/branch}&quot;,&quot;tags_url&quot;:&quot;https://api.github.com/repos/RevathiAnbu/TekArchSalesforceAutomation/tags&quot;,&quot;blobs_url&quot;:&quot;https://api.github.com/repos/RevathiAnbu/TekArchSalesforceAutomation/git/blobs{/sha}&quot;,&quot;git_tags_url&quot;:&quot;https://api.github.com/repos/RevathiAnbu/TekArchSalesforceAutomation/git/tags{/sha}&quot;,&quot;git_refs_url&quot;:&quot;https://api.github.com/repos/RevathiAnbu/TekArchSalesforceAutomation/git/refs{/sha}&quot;,&quot;trees_url&quot;:&quot;https://api.github.com/repos/RevathiAnbu/TekArchSalesforceAutomation/git/trees{/sha}&quot;,&quot;statuses_url&quot;:&quot;https://api.github.com/repos/RevathiAnbu/TekArchSalesforceAutomation/statuses/{sha}&quot;,&quot;languages_url&quot;:&quot;https://api.github.com/repos/RevathiAnbu/TekArchSalesforceAutomation/languages&quot;,&quot;stargazers_url&quot;:&quot;https://api.github.com/repos/RevathiAnbu/TekArchSalesforceAutomation/stargazers&quot;,&quot;contributors_url&quot;:&quot;https://api.github.com/repos/RevathiAnbu/TekArchSalesforceAutomation/contributors&quot;,&quot;subscribers_url&quot;:&quot;https://api.github.com/repos/RevathiAnbu/TekArchSalesforceAutomation/subscribers&quot;,&quot;subscription_url&quot;:&quot;https://api.github.com/repos/RevathiAnbu/TekArchSalesforceAutomation/subscription&quot;,&quot;commits_url&quot;:&quot;https://api.github.com/repos/RevathiAnbu/TekArchSalesforceAutomation/commits{/sha}&quot;,&quot;git_commits_url&quot;:&quot;https://api.github.com/repos/RevathiAnbu/TekArchSalesforceAutomation/git/commits{/sha}&quot;,&quot;comments_url&quot;:&quot;https://api.github.com/repos/RevathiAnbu/TekArchSalesforceAutomation/comments{/number}&quot;,&quot;issue_comment_url&quot;:&quot;https://api.github.com/repos/RevathiAnbu/TekArchSalesforceAutomation/issues/comments{/number}&quot;,&quot;contents_url&quot;:&quot;https://api.github.com/repos/RevathiAnbu/TekArchSalesforceAutomation/contents/{+path}&quot;,&quot;compare_url&quot;:&quot;https://api.github.com/repos/RevathiAnbu/TekArchSalesforceAutomation/compare/{base}...{head}&quot;,&quot;merges_url&quot;:&quot;https://api.github.com/repos/RevathiAnbu/TekArchSalesforceAutomation/merges&quot;,&quot;archive_url&quot;:&quot;https://api.github.com/repos/RevathiAnbu/TekArchSalesforceAutomation/{archive_format}{/ref}&quot;,&quot;downloads_url&quot;:&quot;https://api.github.com/repos/RevathiAnbu/TekArchSalesforceAutomation/downloads&quot;,&quot;issues_url&quot;:&quot;https://api.github.com/repos/RevathiAnbu/TekArchSalesforceAutomation/issues{/number}&quot;,&quot;pulls_url&quot;:&quot;https://api.github.com/repos/RevathiAnbu/TekArchSalesforceAutomation/pulls{/number}&quot;,&quot;milestones_url&quot;:&quot;https://api.github.com/repos/RevathiAnbu/TekArchSalesforceAutomation/milestones{/number}&quot;,&quot;notifications_url&quot;:&quot;https://api.github.com/repos/RevathiAnbu/TekArchSalesforceAutomation/notifications{?since,all,participating}&quot;,&quot;labels_url&quot;:&quot;https://api.github.com/repos/RevathiAnbu/TekArchSalesforceAutomation/labels{/name}&quot;,&quot;releases_url&quot;:&quot;https://api.github.com/repos/RevathiAnbu/TekArchSalesforceAutomation/releases{/id}&quot;,&quot;deployments_url&quot;:&quot;https://api.github.com/repos/RevathiAnbu/TekArchSalesforceAutomation/deployments&quot;,&quot;created_at&quot;:&quot;2023-10-31T03:35:50Z&quot;,&quot;updated_at&quot;:&quot;2023-11-14T02:56:10Z&quot;,&quot;pushed_at&quot;:&quot;2023-11-14T02:56:06Z&quot;,&quot;git_url&quot;:&quot;git://github.com/RevathiAnbu/TekArchSalesforceAutomation.git&quot;,&quot;ssh_url&quot;:&quot;git@github.com:RevathiAnbu/TekArchSalesforceAutomation.git&quot;,&quot;clone_url&quot;:&quot;https://github.com/RevathiAnbu/TekArchSalesforceAutomation.git&quot;,&quot;svn_url&quot;:&quot;https://github.com/RevathiAnbu/TekArchSalesforceAutomation&quot;,&quot;homepage&quot;:null,&quot;size&quot;:133,&quot;stargazers_count&quot;:0,&quot;watchers_count&quot;:0,&quot;language&quot;:&quot;HTML&quot;,&quot;has_issues&quot;:true,&quot;has_projects&quot;:true,&quot;has_downloads&quot;:true,&quot;has_wiki&quot;:true,&quot;has_pages&quot;:false,&quot;has_discussions&quot;:false,&quot;forks_count&quot;:0,&quot;mirror_url&quot;:null,&quot;archived&quot;:false,&quot;disabled&quot;:false,&quot;open_issues_count&quot;:0,&quot;license&quot;:null,&quot;allow_forking&quot;:true,&quot;is_template&quot;:false,&quot;web_commit_signoff_required&quot;:false,&quot;topics&quot;:[],&quot;visibility&quot;:&quot;public&quot;,&quot;forks&quot;:0,&quot;open_issues&quot;:0,&quot;watchers&quot;:0,&quot;default_branch&quot;:&quot;master&quot;,&quot;permissions&quot;:{&quot;admin&quot;:true,&quot;maintain&quot;:true,&quot;push&quot;:true,&quot;triage&quot;:true,&quot;pull&quot;:true}}]
" type="java.lang.AssertionError">
      <![CDATA[java.lang.AssertionError: 1 expectation failed.
Response body doesn't match expectation.
Expected: The content to match the given JSON schema.
error: instance type (null) does not match any allowed primitive type (allowed: ["string"])
    level: "error"
    schema: {"loadingURI":"file:/Users/revathi/eclipse-workspace/RestAssuredAPIProject/target/test-classes/schema.json#","pointer":"/items/properties/language"}
    instance: {"pointer":"/1/language"}
    domain: "validation"
    keyword: "type"
    found: "null"
    expected: ["string"]

  Actual: [{"id":725908374,"node_id":"R_kgDOK0R7lg","name":"APIGITHUB","full_name":"RevathiAnbu/APIGITHUB","private":false,"owner":{"login":"RevathiAnbu","id":149035863,"node_id":"U_kgDOCOIbVw","avatar_url":"https://avatars.githubusercontent.com/u/149035863?v=4","gravatar_id":"","url":"https://api.github.com/users/RevathiAnbu","html_url":"https://github.com/RevathiAnbu","followers_url":"https://api.github.com/users/RevathiAnbu/followers","following_url":"https://api.github.com/users/RevathiAnbu/following{/other_user}","gists_url":"https://api.github.com/users/RevathiAnbu/gists{/gist_id}","starred_url":"https://api.github.com/users/RevathiAnbu/starred{/owner}{/repo}","subscriptions_url":"https://api.github.com/users/RevathiAnbu/subscriptions","organizations_url":"https://api.github.com/users/RevathiAnbu/orgs","repos_url":"https://api.github.com/users/RevathiAnbu/repos","events_url":"https://api.github.com/users/RevathiAnbu/events{/privacy}","received_events_url":"https://api.github.com/users/RevathiAnbu/received_events","type":"User","site_admin":false},"html_url":"https://github.com/RevathiAnbu/APIGITHUB","description":null,"fork":false,"url":"https://api.github.com/repos/RevathiAnbu/APIGITHUB","forks_url":"https://api.github.com/repos/RevathiAnbu/APIGITHUB/forks","keys_url":"https://api.github.com/repos/RevathiAnbu/APIGITHUB/keys{/key_id}","collaborators_url":"https://api.github.com/repos/RevathiAnbu/APIGITHUB/collaborators{/collaborator}","teams_url":"https://api.github.com/repos/RevathiAnbu/APIGITHUB/teams","hooks_url":"https://api.github.com/repos/RevathiAnbu/APIGITHUB/hooks","issue_events_url":"https://api.github.com/repos/RevathiAnbu/APIGITHUB/issues/events{/number}","events_url":"https://api.github.com/repos/RevathiAnbu/APIGITHUB/events","assignees_url":"https://api.github.com/repos/RevathiAnbu/APIGITHUB/assignees{/user}","branches_url":"https://api.github.com/repos/RevathiAnbu/APIGITHUB/branches{/branch}","tags_url":"https://api.github.com/repos/RevathiAnbu/APIGITHUB/tags","blobs_url":"https://api.github.com/repos/RevathiAnbu/APIGITHUB/git/blobs{/sha}","git_tags_url":"https://api.github.com/repos/RevathiAnbu/APIGITHUB/git/tags{/sha}","git_refs_url":"https://api.github.com/repos/RevathiAnbu/APIGITHUB/git/refs{/sha}","trees_url":"https://api.github.com/repos/RevathiAnbu/APIGITHUB/git/trees{/sha}","statuses_url":"https://api.github.com/repos/RevathiAnbu/APIGITHUB/statuses/{sha}","languages_url":"https://api.github.com/repos/RevathiAnbu/APIGITHUB/languages","stargazers_url":"https://api.github.com/repos/RevathiAnbu/APIGITHUB/stargazers","contributors_url":"https://api.github.com/repos/RevathiAnbu/APIGITHUB/contributors","subscribers_url":"https://api.github.com/repos/RevathiAnbu/APIGITHUB/subscribers","subscription_url":"https://api.github.com/repos/RevathiAnbu/APIGITHUB/subscription","commits_url":"https://api.github.com/repos/RevathiAnbu/APIGITHUB/commits{/sha}","git_commits_url":"https://api.github.com/repos/RevathiAnbu/APIGITHUB/git/commits{/sha}","comments_url":"https://api.github.com/repos/RevathiAnbu/APIGITHUB/comments{/number}","issue_comment_url":"https://api.github.com/repos/RevathiAnbu/APIGITHUB/issues/comments{/number}","contents_url":"https://api.github.com/repos/RevathiAnbu/APIGITHUB/contents/{+path}","compare_url":"https://api.github.com/repos/RevathiAnbu/APIGITHUB/compare/{base}...{head}","merges_url":"https://api.github.com/repos/RevathiAnbu/APIGITHUB/merges","archive_url":"https://api.github.com/repos/RevathiAnbu/APIGITHUB/{archive_format}{/ref}","downloads_url":"https://api.github.com/repos/RevathiAnbu/APIGITHUB/downloads","issues_url":"https://api.github.com/repos/RevathiAnbu/APIGITHUB/issues{/number}","pulls_url":"https://api.github.com/repos/RevathiAnbu/APIGITHUB/pulls{/number}","milestones_url":"https://api.github.com/repos/RevathiAnbu/APIGITHUB/milestones{/number}","notifications_url":"https://api.github.com/repos/RevathiAnbu/APIGITHUB/notifications{?since,all,participating}","labels_url":"https://api.github.com/repos/RevathiAnbu/APIGITHUB/labels{/name}","releases_url":"https://api.github.com/repos/RevathiAnbu/APIGITHUB/releases{/id}","deployments_url":"https://api.github.com/repos/RevathiAnbu/APIGITHUB/deployments","created_at":"2023-12-01T05:52:11Z","updated_at":"2023-12-01T06:04:37Z","pushed_at":"2023-12-01T06:04:33Z","git_url":"git://github.com/RevathiAnbu/APIGITHUB.git","ssh_url":"git@github.com:RevathiAnbu/APIGITHUB.git","clone_url":"https://github.com/RevathiAnbu/APIGITHUB.git","svn_url":"https://github.com/RevathiAnbu/APIGITHUB","homepage":null,"size":55,"stargazers_count":0,"watchers_count":0,"language":"HTML","has_issues":true,"has_projects":true,"has_downloads":true,"has_wiki":true,"has_pages":false,"has_discussions":false,"forks_count":0,"mirror_url":null,"archived":false,"disabled":false,"open_issues_count":0,"license":null,"allow_forking":true,"is_template":false,"web_commit_signoff_required":false,"topics":[],"visibility":"public","forks":0,"open_issues":0,"watchers":0,"default_branch":"master","permissions":{"admin":true,"maintain":true,"push":true,"triage":true,"pull":true}},{"id":710125545,"node_id":"R_kgDOKlOn6Q","name":"Salesforce","full_name":"RevathiAnbu/Salesforce","private":false,"owner":{"login":"RevathiAnbu","id":149035863,"node_id":"U_kgDOCOIbVw","avatar_url":"https://avatars.githubusercontent.com/u/149035863?v=4","gravatar_id":"","url":"https://api.github.com/users/RevathiAnbu","html_url":"https://github.com/RevathiAnbu","followers_url":"https://api.github.com/users/RevathiAnbu/followers","following_url":"https://api.github.com/users/RevathiAnbu/following{/other_user}","gists_url":"https://api.github.com/users/RevathiAnbu/gists{/gist_id}","starred_url":"https://api.github.com/users/RevathiAnbu/starred{/owner}{/repo}","subscriptions_url":"https://api.github.com/users/RevathiAnbu/subscriptions","organizations_url":"https://api.github.com/users/RevathiAnbu/orgs","repos_url":"https://api.github.com/users/RevathiAnbu/repos","events_url":"https://api.github.com/users/RevathiAnbu/events{/privacy}","received_events_url":"https://api.github.com/users/RevathiAnbu/received_events","type":"User","site_admin":false},"html_url":"https://github.com/RevathiAnbu/Salesforce","description":null,"fork":false,"url":"https://api.github.com/repos/RevathiAnbu/Salesforce","forks_url":"https://api.github.com/repos/RevathiAnbu/Salesforce/forks","keys_url":"https://api.github.com/repos/RevathiAnbu/Salesforce/keys{/key_id}","collaborators_url":"https://api.github.com/repos/RevathiAnbu/Salesforce/collaborators{/collaborator}","teams_url":"https://api.github.com/repos/RevathiAnbu/Salesforce/teams","hooks_url":"https://api.github.com/repos/RevathiAnbu/Salesforce/hooks","issue_events_url":"https://api.github.com/repos/RevathiAnbu/Salesforce/issues/events{/number}","events_url":"https://api.github.com/repos/RevathiAnbu/Salesforce/events","assignees_url":"https://api.github.com/repos/RevathiAnbu/Salesforce/assignees{/user}","branches_url":"https://api.github.com/repos/RevathiAnbu/Salesforce/branches{/branch}","tags_url":"https://api.github.com/repos/RevathiAnbu/Salesforce/tags","blobs_url":"https://api.github.com/repos/RevathiAnbu/Salesforce/git/blobs{/sha}","git_tags_url":"https://api.github.com/repos/RevathiAnbu/Salesforce/git/tags{/sha}","git_refs_url":"https://api.github.com/repos/RevathiAnbu/Salesforce/git/refs{/sha}","trees_url":"https://api.github.com/repos/RevathiAnbu/Salesforce/git/trees{/sha}","statuses_url":"https://api.github.com/repos/RevathiAnbu/Salesforce/statuses/{sha}","languages_url":"https://api.github.com/repos/RevathiAnbu/Salesforce/languages","stargazers_url":"https://api.github.com/repos/RevathiAnbu/Salesforce/stargazers","contributors_url":"https://api.github.com/repos/RevathiAnbu/Salesforce/contributors","subscribers_url":"https://api.github.com/repos/RevathiAnbu/Salesforce/subscribers","subscription_url":"https://api.github.com/repos/RevathiAnbu/Salesforce/subscription","commits_url":"https://api.github.com/repos/RevathiAnbu/Salesforce/commits{/sha}","git_commits_url":"https://api.github.com/repos/RevathiAnbu/Salesforce/git/commits{/sha}","comments_url":"https://api.github.com/repos/RevathiAnbu/Salesforce/comments{/number}","issue_comment_url":"https://api.github.com/repos/RevathiAnbu/Salesforce/issues/comments{/number}","contents_url":"https://api.github.com/repos/RevathiAnbu/Salesforce/contents/{+path}","compare_url":"https://api.github.com/repos/RevathiAnbu/Salesforce/compare/{base}...{head}","merges_url":"https://api.github.com/repos/RevathiAnbu/Salesforce/merges","archive_url":"https://api.github.com/repos/RevathiAnbu/Salesforce/{archive_format}{/ref}","downloads_url":"https://api.github.com/repos/RevathiAnbu/Salesforce/downloads","issues_url":"https://api.github.com/repos/RevathiAnbu/Salesforce/issues{/number}","pulls_url":"https://api.github.com/repos/RevathiAnbu/Salesforce/pulls{/number}","milestones_url":"https://api.github.com/repos/RevathiAnbu/Salesforce/milestones{/number}","notifications_url":"https://api.github.com/repos/RevathiAnbu/Salesforce/notifications{?since,all,participating}","labels_url":"https://api.github.com/repos/RevathiAnbu/Salesforce/labels{/name}","releases_url":"https://api.github.com/repos/RevathiAnbu/Salesforce/releases{/id}","deployments_url":"https://api.github.com/repos/RevathiAnbu/Salesforce/deployments","created_at":"2023-10-26T04:25:37Z","updated_at":"2023-10-30T04:02:04Z","pushed_at":"2023-10-31T03:31:34Z","git_url":"git://github.com/RevathiAnbu/Salesforce.git","ssh_url":"git@github.com:RevathiAnbu/Salesforce.git","clone_url":"https://github.com/RevathiAnbu/Salesforce.git","svn_url":"https://github.com/RevathiAnbu/Salesforce","homepage":null,"size":70,"stargazers_count":0,"watchers_count":0,"language":null,"has_issues":true,"has_projects":true,"has_downloads":true,"has_wiki":true,"has_pages":false,"has_discussions":false,"forks_count":0,"mirror_url":null,"archived":false,"disabled":false,"open_issues_count":0,"license":null,"allow_forking":true,"is_template":false,"web_commit_signoff_required":false,"topics":[],"visibility":"public","forks":0,"open_issues":0,"watchers":0,"default_branch":"main","permissions":{"admin":true,"maintain":true,"push":true,"triage":true,"pull":true}},{"id":712225767,"node_id":"R_kgDOKnOz5w","name":"TekArchSalesforceAutomation","full_name":"RevathiAnbu/TekArchSalesforceAutomation","private":false,"owner":{"login":"RevathiAnbu","id":149035863,"node_id":"U_kgDOCOIbVw","avatar_url":"https://avatars.githubusercontent.com/u/149035863?v=4","gravatar_id":"","url":"https://api.github.com/users/RevathiAnbu","html_url":"https://github.com/RevathiAnbu","followers_url":"https://api.github.com/users/RevathiAnbu/followers","following_url":"https://api.github.com/users/RevathiAnbu/following{/other_user}","gists_url":"https://api.github.com/users/RevathiAnbu/gists{/gist_id}","starred_url":"https://api.github.com/users/RevathiAnbu/starred{/owner}{/repo}","subscriptions_url":"https://api.github.com/users/RevathiAnbu/subscriptions","organizations_url":"https://api.github.com/users/RevathiAnbu/orgs","repos_url":"https://api.github.com/users/RevathiAnbu/repos","events_url":"https://api.github.com/users/RevathiAnbu/events{/privacy}","received_events_url":"https://api.github.com/users/RevathiAnbu/received_events","type":"User","site_admin":false},"html_url":"https://github.com/RevathiAnbu/TekArchSalesforceAutomation","description":null,"fork":false,"url":"https://api.github.com/repos/RevathiAnbu/TekArchSalesforceAutomation","forks_url":"https://api.github.com/repos/RevathiAnbu/TekArchSalesforceAutomation/forks","keys_url":"https://api.github.com/repos/RevathiAnbu/TekArchSalesforceAutomation/keys{/key_id}","collaborators_url":"https://api.github.com/repos/RevathiAnbu/TekArchSalesforceAutomation/collaborators{/collaborator}","teams_url":"https://api.github.com/repos/RevathiAnbu/TekArchSalesforceAutomation/teams","hooks_url":"https://api.github.com/repos/RevathiAnbu/TekArchSalesforceAutomation/hooks","issue_events_url":"https://api.github.com/repos/RevathiAnbu/TekArchSalesforceAutomation/issues/events{/number}","events_url":"https://api.github.com/repos/RevathiAnbu/TekArchSalesforceAutomation/events","assignees_url":"https://api.github.com/repos/RevathiAnbu/TekArchSalesforceAutomation/assignees{/user}","branches_url":"https://api.github.com/repos/RevathiAnbu/TekArchSalesforceAutomation/branches{/branch}","tags_url":"https://api.github.com/repos/RevathiAnbu/TekArchSalesforceAutomation/tags","blobs_url":"https://api.github.com/repos/RevathiAnbu/TekArchSalesforceAutomation/git/blobs{/sha}","git_tags_url":"https://api.github.com/repos/RevathiAnbu/TekArchSalesforceAutomation/git/tags{/sha}","git_refs_url":"https://api.github.com/repos/RevathiAnbu/TekArchSalesforceAutomation/git/refs{/sha}","trees_url":"https://api.github.com/repos/RevathiAnbu/TekArchSalesforceAutomation/git/trees{/sha}","statuses_url":"https://api.github.com/repos/RevathiAnbu/TekArchSalesforceAutomation/statuses/{sha}","languages_url":"https://api.github.com/repos/RevathiAnbu/TekArchSalesforceAutomation/languages","stargazers_url":"https://api.github.com/repos/RevathiAnbu/TekArchSalesforceAutomation/stargazers","contributors_url":"https://api.github.com/repos/RevathiAnbu/TekArchSalesforceAutomation/contributors","subscribers_url":"https://api.github.com/repos/RevathiAnbu/TekArchSalesforceAutomation/subscribers","subscription_url":"https://api.github.com/repos/RevathiAnbu/TekArchSalesforceAutomation/subscription","commits_url":"https://api.github.com/repos/RevathiAnbu/TekArchSalesforceAutomation/commits{/sha}","git_commits_url":"https://api.github.com/repos/RevathiAnbu/TekArchSalesforceAutomation/git/commits{/sha}","comments_url":"https://api.github.com/repos/RevathiAnbu/TekArchSalesforceAutomation/comments{/number}","issue_comment_url":"https://api.github.com/repos/RevathiAnbu/TekArchSalesforceAutomation/issues/comments{/number}","contents_url":"https://api.github.com/repos/RevathiAnbu/TekArchSalesforceAutomation/contents/{+path}","compare_url":"https://api.github.com/repos/RevathiAnbu/TekArchSalesforceAutomation/compare/{base}...{head}","merges_url":"https://api.github.com/repos/RevathiAnbu/TekArchSalesforceAutomation/merges","archive_url":"https://api.github.com/repos/RevathiAnbu/TekArchSalesforceAutomation/{archive_format}{/ref}","downloads_url":"https://api.github.com/repos/RevathiAnbu/TekArchSalesforceAutomation/downloads","issues_url":"https://api.github.com/repos/RevathiAnbu/TekArchSalesforceAutomation/issues{/number}","pulls_url":"https://api.github.com/repos/RevathiAnbu/TekArchSalesforceAutomation/pulls{/number}","milestones_url":"https://api.github.com/repos/RevathiAnbu/TekArchSalesforceAutomation/milestones{/number}","notifications_url":"https://api.github.com/repos/RevathiAnbu/TekArchSalesforceAutomation/notifications{?since,all,participating}","labels_url":"https://api.github.com/repos/RevathiAnbu/TekArchSalesforceAutomation/labels{/name}","releases_url":"https://api.github.com/repos/RevathiAnbu/TekArchSalesforceAutomation/releases{/id}","deployments_url":"https://api.github.com/repos/RevathiAnbu/TekArchSalesforceAutomation/deployments","created_at":"2023-10-31T03:35:50Z","updated_at":"2023-11-14T02:56:10Z","pushed_at":"2023-11-14T02:56:06Z","git_url":"git://github.com/RevathiAnbu/TekArchSalesforceAutomation.git","ssh_url":"git@github.com:RevathiAnbu/TekArchSalesforceAutomation.git","clone_url":"https://github.com/RevathiAnbu/TekArchSalesforceAutomation.git","svn_url":"https://github.com/RevathiAnbu/TekArchSalesforceAutomation","homepage":null,"size":133,"stargazers_count":0,"watchers_count":0,"language":"HTML","has_issues":true,"has_projects":true,"has_downloads":true,"has_wiki":true,"has_pages":false,"has_discussions":false,"forks_count":0,"mirror_url":null,"archived":false,"disabled":false,"open_issues_count":0,"license":null,"allow_forking":true,"is_template":false,"web_commit_signoff_required":false,"topics":[],"visibility":"public","forks":0,"open_issues":0,"watchers":0,"default_branch":"master","permissions":{"admin":true,"maintain":true,"push":true,"triage":true,"pull":true}}]

at java.base/jdk.internal.reflect.NativeConstructorAccessorImpl.newInstance0(Native Method)
at java.base/jdk.internal.reflect.NativeConstructorAccessorImpl.newInstance(NativeConstructorAccessorImpl.java:77)
at java.base/jdk.internal.reflect.DelegatingConstructorAccessorImpl.newInstance(DelegatingConstructorAccessorImpl.java:45)
at java.base/java.lang.reflect.Constructor.newInstanceWithCaller(Constructor.java:499)
at java.base/java.lang.reflect.Constructor.newInstance(Constructor.java:480)
at org.codehaus.groovy.reflection.CachedConstructor.invoke(CachedConstructor.java:73)
at org.codehaus.groovy.runtime.callsite.ConstructorSite$ConstructorSiteNoUnwrapNoCoerce.callConstructor(ConstructorSite.java:108)
at org.codehaus.groovy.runtime.callsite.CallSiteArray.defaultCallConstructor(CallSiteArray.java:57)
at org.codehaus.groovy.runtime.callsite.AbstractCallSite.callConstructor(AbstractCallSite.java:263)
at org.codehaus.groovy.runtime.callsite.AbstractCallSite.callConstructor(AbstractCallSite.java:277)
at io.restassured.internal.ResponseSpecificationImpl$HamcrestAssertionClosure.validate(ResponseSpecificationImpl.groovy:512)
at io.restassured.internal.ResponseSpecificationImpl$HamcrestAssertionClosure$validate$1.call(Unknown Source)
at io.restassured.internal.ResponseSpecificationImpl.validateResponseIfRequired(ResponseSpecificationImpl.groovy:696)
at io.restassured.internal.ResponseSpecificationImpl.this$2$validateResponseIfRequired(ResponseSpecificationImpl.groovy)
at java.base/jdk.internal.reflect.NativeMethodAccessorImpl.invoke0(Native Method)
at java.base/jdk.internal.reflect.NativeMethodAccessorImpl.invoke(NativeMethodAccessorImpl.java:77)
at java.base/jdk.internal.reflect.DelegatingMethodAccessorImpl.invoke(DelegatingMethodAccessorImpl.java:43)
at java.base/java.lang.reflect.Method.invoke(Method.java:568)
at org.codehaus.groovy.runtime.callsite.PlainObjectMetaMethodSite.doInvoke(PlainObjectMetaMethodSite.java:43)
at org.codehaus.groovy.runtime.callsite.PogoMetaMethodSite$PogoCachedMethodSiteNoUnwrapNoCoerce.invoke(PogoMetaMethodSite.java:198)
at org.codehaus.groovy.runtime.callsite.PogoMetaMethodSite.callCurrent(PogoMetaMethodSite.java:62)
at org.codehaus.groovy.runtime.callsite.CallSiteArray.defaultCallCurrent(CallSiteArray.java:49)
at org.codehaus.groovy.runtime.callsite.AbstractCallSite.callCurrent(AbstractCallSite.java:171)
at org.codehaus.groovy.runtime.callsite.AbstractCallSite.callCurrent(AbstractCallSite.java:185)
at io.restassured.internal.ResponseSpecificationImpl.body(ResponseSpecificationImpl.groovy:107)
at io.restassured.internal.ValidatableResponseOptionsImpl.body(ValidatableResponseOptionsImpl.java:238)
at com.API.response.GetSingleRepo.getAllUserRepo(GetSingleRepo.java:122)
at com.API.response.GetSingleRepo.setUp(GetSingleRepo.java:35)
at java.base/jdk.internal.reflect.NativeMethodAccessorImpl.invoke0(Native Method)
at java.base/jdk.internal.reflect.NativeMethodAccessorImpl.invoke(NativeMethodAccessorImpl.java:77)
at java.base/jdk.internal.reflect.DelegatingMethodAccessorImpl.invoke(DelegatingMethodAccessorImpl.java:43)
at java.base/java.lang.reflect.Method.invoke(Method.java:568)
at org.testng.internal.invokers.MethodInvocationHelper.invokeMethod(MethodInvocationHelper.java:139)
at org.testng.internal.invokers.TestInvoker.invokeMethod(TestInvoker.java:664)
at org.testng.internal.invokers.TestInvoker.invokeTestMethod(TestInvoker.java:227)
at org.testng.internal.invokers.MethodRunner.runInSequence(MethodRunner.java:50)
at org.testng.internal.invokers.TestInvoker$MethodInvocationAgent.invoke(TestInvoker.java:957)
at org.testng.internal.invokers.TestInvoker.invokeTestMethods(TestInvoker.java:200)
at org.testng.internal.invokers.TestMethodWorker.invokeTestMethods(TestMethodWorker.java:148)
at org.testng.internal.invokers.TestMethodWorker.run(TestMethodWorker.java:128)
at java.base/java.util.ArrayList.forEach(ArrayList.java:1511)
at org.testng.TestRunner.privateRun(TestRunner.java:848)
at org.testng.TestRunner.run(TestRunner.java:621)
at org.testng.SuiteRunner.runTest(SuiteRunner.java:443)
at org.testng.SuiteRunner.runSequentially(SuiteRunner.java:437)
at org.testng.SuiteRunner.privateRun(SuiteRunner.java:397)
at org.testng.SuiteRunner.run(SuiteRunner.java:336)
at org.testng.SuiteRunnerWorker.runSuite(SuiteRunnerWorker.java:52)
at org.testng.SuiteRunnerWorker.run(SuiteRunnerWorker.java:95)
at org.testng.TestNG.runSuitesSequentially(TestNG.java:1280)
at org.testng.TestNG.runSuitesLocally(TestNG.java:1200)
at org.testng.TestNG.runSuites(TestNG.java:1114)
at org.testng.TestNG.run(TestNG.java:1082)
at org.testng.remote.AbstractRemoteTestNG.run(AbstractRemoteTestNG.java:115)
at org.testng.remote.RemoteTestNG.initAndRun(RemoteTestNG.java:251)
at org.testng.remote.RemoteTestNG.main(RemoteTestNG.java:77)
]]>
    </failure>
  </testcase> <!-- setUp -->
</testsuite> <!-- com.API.response.GetSingleRepo -->
