<?xml version="1.0" encoding="UTF-8"?>
<!-- Generated by org.testng.reporters.JUnitReportReporter -->
<testsuite hostname="revathis-mbp.lan" failures="0" tests="1" name="com.API.tests.GetSingleRepo" time="3.780" errors="0" timestamp="2023-12-04T00:05:19 CST" skipped="0">
  <testcase classname="com.API.tests.GetSingleRepo" name="setUp" time="3.780"/>
</testsuite> <!-- com.API.tests.GetSingleRepo -->
