<?xml version="1.0" encoding="UTF-8"?>
<!-- Generated by org.testng.reporters.JUnitReportReporter -->
<testsuite hostname="revathis-mbp.lan" failures="0" tests="1" name="test.GitHubAPI.ValidSingleRepo" time="3.796" errors="0" timestamp="2023-11-30T21:16:37 CST" skipped="0">
  <testcase classname="test.GitHubAPI.ValidSingleRepo" name="validateSingleRepository" time="3.796"/>
</testsuite> <!-- test.GitHubAPI.ValidSingleRepo -->
