<?xml version="1.0" encoding="UTF-8"?>
<!-- Generated by org.testng.reporters.JUnitReportReporter -->
<testsuite hostname="revathis-mbp.lan" failures="0" tests="1" name="testframework.gitHub.ValidateSingleRepo" time="3.580" errors="0" timestamp="2023-11-30T23:25:08 CST" skipped="0">
  <testcase classname="testframework.gitHub.ValidateSingleRepo" name="basicauth" time="3.580"/>
</testsuite> <!-- testframework.gitHub.ValidateSingleRepo -->
