<?xml version="1.0" encoding="UTF-8"?>
<!-- Generated by org.testng.reporters.JUnitReportReporter -->
<testsuite hostname="revathis-mbp.lan" failures="0" tests="1" name="GitHUbAuthorization.ValidSingleRepo" time="3.569" errors="0" timestamp="2023-11-30T20:44:35 CST" skipped="0">
  <testcase classname="GitHUbAuthorization.ValidSingleRepo" name="validateSingleRepository" time="3.569"/>
</testsuite> <!-- GitHUbAuthorization.ValidSingleRepo -->
