<?xml version="1.0" encoding="UTF-8"?>
<!-- Generated by org.testng.reporters.JUnitReportReporter -->
<testsuite hostname="revathis-mbp.lan" failures="0" tests="1" name="testframework.gitHub.ValidateSingleRepo" time="3.679" errors="0" timestamp="2023-12-02T15:14:34 CST" skipped="0">
  <testcase classname="testframework.gitHub.ValidateSingleRepo" name="basicauth" time="3.679"/>
</testsuite> <!-- testframework.gitHub.ValidateSingleRepo -->
